<?xml version="1.0" encoding="UTF-8"?>
<!-- Generated by org.testng.reporters.JUnitXMLReporter -->
<testsuite hostname="Roselins-MacBook-Pro.local" ignored="0" name="Default test" tests="3" failures="0" timestamp="2021-05-17T20:06:50 IST" time="20.215" errors="0">
  <testcase name="run" time="9.933" classname="com.LoginFramework.Login$Loginc"/>
  <testcase name="Verifyorders" time="2.321" classname="com.LoginTest.TestLogin"/>
  <testcase name="pageload" time="7.925" classname="com.LoginTest.TestLogin"/>
</testsuite> <!-- Default test -->
